<?xml version="1.0" encoding="UTF-8"?>
<!-- Generated by org.testng.reporters.JUnitXMLReporter -->
<testsuite ignored="0" hostname="DESKTOP-6E13JVC" failures="0" tests="3" name="Default test" time="76.171" errors="0" timestamp="2023-04-04T07:54:09 IST">
  <testcase classname="com.bw.qa.excel.ExcelDataProviderTest" name="test1" time="20.4"/>
  <testcase classname="com.bw.qa.excel.ExcelDataProviderTest" name="test1" time="12.771"/>
  <testcase classname="com.bw.qa.excel.ExcelDataProviderTest" name="test1" time="17.039"/>
</testsuite> <!-- Default test -->
