<?xml version="1.0" encoding="UTF-8"?>
<testng-results ignored="0" total="3" passed="3" failed="0" skipped="0">
  <reporter-output>
  </reporter-output>
  <suite started-at="2023-04-04T07:52:53 IST" name="Default suite" finished-at="2023-04-04T07:54:09 IST" duration-ms="76171">
    <groups>
    </groups>
    <test started-at="2023-04-04T07:52:53 IST" name="Default test" finished-at="2023-04-04T07:54:09 IST" duration-ms="76171">
      <class name="com.bw.qa.excel.ExcelDataProviderTest">
        <test-method is-config="true" signature="setUpTest()[pri:0, instance:com.bw.qa.excel.ExcelDataProviderTest@3e08ff24]" started-at="2023-04-04T07:52:53 IST" name="setUpTest" finished-at="2023-04-04T07:53:14 IST" duration-ms="21564" status="PASS">
          <reporter-output>
          </reporter-output>
        </test-method> <!-- setUpTest -->
        <test-method signature="test1(java.lang.String, java.lang.String)[pri:0, instance:com.bw.qa.excel.ExcelDataProviderTest@3e08ff24]" started-at="2023-04-04T07:53:18 IST" name="test1" data-provider="testData" finished-at="2023-04-04T07:53:39 IST" duration-ms="20400" status="PASS">
          <params>
            <param index="0">
              <value>
                <![CDATA[manis_h@gmail.com]]>
              </value>
            </param>
            <param index="1">
              <value>
                <![CDATA[!@qwerty]]>
              </value>
            </param>
          </params>
          <reporter-output>
          </reporter-output>
        </test-method> <!-- test1 -->
        <test-method signature="test1(java.lang.String, java.lang.String)[pri:0, instance:com.bw.qa.excel.ExcelDataProviderTest@3e08ff24]" started-at="2023-04-04T07:53:39 IST" name="test1" data-provider="testData" finished-at="2023-04-04T07:53:52 IST" duration-ms="12771" status="PASS">
          <params>
            <param index="0">
              <value>
                <![CDATA[manish.gmail.com]]>
              </value>
            </param>
            <param index="1">
              <value>
                <![CDATA[qqwert%#$]]>
              </value>
            </param>
          </params>
          <reporter-output>
          </reporter-output>
        </test-method> <!-- test1 -->
        <test-method signature="test1(java.lang.String, java.lang.String)[pri:0, instance:com.bw.qa.excel.ExcelDataProviderTest@3e08ff24]" started-at="2023-04-04T07:53:52 IST" name="test1" data-provider="testData" finished-at="2023-04-04T07:54:09 IST" duration-ms="17039" status="PASS">
          <params>
            <param index="0">
              <value>
                <![CDATA[mahakal.privatemail@gmail.com]]>
              </value>
            </param>
            <param index="1">
              <value>
                <![CDATA[M@nish01]]>
              </value>
            </param>
          </params>
          <reporter-output>
          </reporter-output>
        </test-method> <!-- test1 -->
      </class> <!-- com.bw.qa.excel.ExcelDataProviderTest -->
    </test> <!-- Default test -->
  </suite> <!-- Default suite -->
</testng-results>
